<?xml version="1.0" encoding="UTF-8"?>
<testng-results ignored="0" total="1" passed="1" failed="0" skipped="0">
  <reporter-output>
  </reporter-output>
  <suite started-at="2022-07-17T19:39:17 IST" name="Default suite" finished-at="2022-07-17T19:40:33 IST" duration-ms="75940">
    <groups>
    </groups>
    <test started-at="2022-07-17T19:39:17 IST" name="Default test" finished-at="2022-07-17T19:40:33 IST" duration-ms="75940">
      <class name="mavenforjenkins.UITest">
        <test-method signature="startBrowser()[pri:0, instance:mavenforjenkins.UITest@61386958]" started-at="2022-07-17T19:39:17 IST" name="startBrowser" finished-at="2022-07-17T19:40:33 IST" duration-ms="75892" status="PASS">
          <reporter-output>
          </reporter-output>
        </test-method> <!-- startBrowser -->
      </class> <!-- mavenforjenkins.UITest -->
    </test> <!-- Default test -->
  </suite> <!-- Default suite -->
</testng-results>
